<?xml version="1.0" encoding="UTF-8"?>
<!-- Generated by org.testng.reporters.JUnitReportReporter -->
<testsuite skipped="0" hostname="LAPTOP-OSF0SLDG" name="com.salesforce.CreateTrialAccount" tests="1" failures="0" timestamp="2022-04-16T15:48:40 IST" time="17.377" errors="0">
  <testcase name="loginTest" time="17.377" classname="com.salesforce.CreateTrialAccount"/>
  <system-out/>
</testsuite> <!-- com.salesforce.CreateTrialAccount -->
